<?xml version="1.0" encoding="UTF-8"?>
<!-- Generated by org.testng.reporters.JUnitReportReporter -->
<testsuite hostname="Lenovo-PC" failures="0" tests="2" name="testNG_examples.TestNGexamples" time="0.018" errors="0" timestamp="27 May 2021 13:47:21 GMT">
  <testcase classname="testNG_examples.TestNGexamples" name="login" time="0.016"/>
  <testcase classname="testNG_examples.TestNGexamples" name="logout" time="0.002"/>
</testsuite> <!-- testNG_examples.TestNGexamples -->
